<?xml version="1.0" encoding="UTF-8"?>
<coverage generated="1666570180148" clover="3.2.0">
  <project timestamp="1666570180153" name="All files">
    <metrics statements="15" coveredstatements="13" conditionals="2" coveredconditionals="2" methods="8" coveredmethods="6" elements="25" coveredelements="21" complexity="0" loc="15" ncloc="15" packages="4" files="4" classes="4"/>
    <package name="helpers">
      <metrics statements="3" coveredstatements="3" conditionals="0" coveredconditionals="0" methods="1" coveredmethods="1"/>
      <file name="sum.js" path="/Users/macbookpro2017/Documents/practices/jest-practices/helpers/sum.js">
        <metrics statements="3" coveredstatements="3" conditionals="0" coveredconditionals="0" methods="1" coveredmethods="1"/>
        <line num="1" count="1" type="stmt"/>
        <line num="2" count="1" type="stmt"/>
        <line num="5" count="1" type="stmt"/>
      </file>
    </package>
    <package name="lib">
      <metrics statements="3" coveredstatements="1" conditionals="0" coveredconditionals="0" methods="2" coveredmethods="0"/>
      <file name="storage.js" path="/Users/macbookpro2017/Documents/practices/jest-practices/lib/storage.js">
        <metrics statements="3" coveredstatements="1" conditionals="0" coveredconditionals="0" methods="2" coveredmethods="0"/>
        <line num="1" count="1" type="stmt"/>
        <line num="3" count="0" type="stmt"/>
        <line num="6" count="0" type="stmt"/>
      </file>
    </package>
    <package name="mock">
      <metrics statements="4" coveredstatements="4" conditionals="2" coveredconditionals="2" methods="3" coveredmethods="3"/>
      <file name="getUser.mock.js" path="/Users/macbookpro2017/Documents/practices/jest-practices/mock/getUser.mock.js">
        <metrics statements="4" coveredstatements="4" conditionals="2" coveredconditionals="2" methods="3" coveredmethods="3"/>
        <line num="1" count="1" type="stmt"/>
        <line num="2" count="2" type="stmt"/>
        <line num="3" count="2" type="stmt"/>
        <line num="4" count="2" type="cond" truecount="2" falsecount="0"/>
      </file>
    </package>
    <package name="user">
      <metrics statements="5" coveredstatements="5" conditionals="0" coveredconditionals="0" methods="2" coveredmethods="2"/>
      <file name="index.js" path="/Users/macbookpro2017/Documents/practices/jest-practices/user/index.js">
        <metrics statements="5" coveredstatements="5" conditionals="0" coveredconditionals="0" methods="2" coveredmethods="2"/>
        <line num="1" count="1" type="stmt"/>
        <line num="3" count="1" type="stmt"/>
        <line num="4" count="1" type="stmt"/>
        <line num="7" count="1" type="stmt"/>
        <line num="8" count="1" type="stmt"/>
      </file>
    </package>
  </project>
</coverage>
