{"C:\\Users\\rrody\\OneDrive\\Documentos\\PRACTICES\\jest-practices\\helpers\\sum.js": {"path":"C:\\Users\\rrody\\OneDrive\\Documentos\\PRACTICES\\jest-practices\\helpers\\sum.js","statementMap":{"0":{"start":{"line":1,"column":12},"end":{"line":3,"column":1}},"1":{"start":{"line":2,"column":4},"end":{"line":2,"column":16}},"2":{"start":{"line":5,"column":0},"end":{"line":5,"column":21}}},"fnMap":{"0":{"name":"(anonymous_0)","decl":{"start":{"line":1,"column":12},"end":{"line":1,"column":13}},"loc":{"start":{"line":1,"column":22},"end":{"line":3,"column":1}},"line":1}},"branchMap":{},"s":{"0":1,"1":1,"2":1},"f":{"0":1},"b":{},"_coverageSchema":"1a1c01bbd47fc00a2c39e90264f33305004495a9","hash":"416842a4706c4d7dceda25563b6b63091846ea21"}
,"C:\\Users\\rrody\\OneDrive\\Documentos\\PRACTICES\\jest-practices\\mock\\getUser.mock.js": {"path":"C:\\Users\\rrody\\OneDrive\\Documentos\\PRACTICES\\jest-practices\\mock\\getUser.mock.js","statementMap":{"0":{"start":{"line":1,"column":0},"end":{"line":14,"column":1}},"1":{"start":{"line":2,"column":4},"end":{"line":13,"column":7}},"2":{"start":{"line":3,"column":8},"end":{"line":12,"column":25}},"3":{"start":{"line":4,"column":12},"end":{"line":11,"column":52}}},"fnMap":{"0":{"name":"(anonymous_0)","decl":{"start":{"line":1,"column":25},"end":{"line":1,"column":26}},"loc":{"start":{"line":1,"column":37},"end":{"line":14,"column":1}},"line":1},"1":{"name":"(anonymous_1)","decl":{"start":{"line":2,"column":23},"end":{"line":2,"column":24}},"loc":{"start":{"line":2,"column":44},"end":{"line":13,"column":5}},"line":2},"2":{"name":"(anonymous_2)","decl":{"start":{"line":3,"column":19},"end":{"line":3,"column":20}},"loc":{"start":{"line":3,"column":25},"end":{"line":12,"column":9}},"line":3}},"branchMap":{"0":{"loc":{"start":{"line":4,"column":12},"end":{"line":11,"column":51}},"type":"cond-expr","locations":[{"start":{"line":4,"column":27},"end":{"line":9,"column":14}},{"start":{"line":11,"column":16},"end":{"line":11,"column":51}}],"line":4}},"s":{"0":1,"1":3,"2":3,"3":3},"f":{"0":3,"1":3,"2":3},"b":{"0":[2,1]},"_coverageSchema":"1a1c01bbd47fc00a2c39e90264f33305004495a9","hash":"40b9ea5aeaa950b5caddd89dad954bdf4e252fb4"}
}
